2025-11-06 14:21:45,804 - __main__ - INFO - Бот запущен!
2025-11-06 14:21:46,123 - httpx - INFO - HTTP Request: POST https://api.telegram.org/bot8588890122:AAF870IhnaQRmo_pn8OIVj_xH6skyNwVZy0/getMe "HTTP/1.1 200 OK"
2025-11-06 14:21:46,223 - httpx - INFO - HTTP Request: POST https://api.telegram.org/bot8588890122:AAF870IhnaQRmo_pn8OIVj_xH6skyNwVZy0/deleteWebhook "HTTP/1.1 200 OK"
2025-11-06 14:21:46,224 - telegram.ext.Application - INFO - Application started
2025-11-06 14:21:56,528 - httpx - INFO - HTTP Request: POST https://api.telegram.org/bot8588890122:AAF870IhnaQRmo_pn8OIVj_xH6skyNwVZy0/getUpdates "HTTP/1.1 200 OK"
2025-11-06 14:22:06,628 - httpx - INFO - HTTP Request: POST https://api.telegram.org/bot8588890122:AAF870IhnaQRmo_pn8OIVj_xH6skyNwVZy0/getUpdates "HTTP/1.1 200 OK"
2025-11-06 14:22:16,728 - httpx - INFO - HTTP Request: POST https://api.telegram.org/bot8588890122:AAF870IhnaQRmo_pn8OIVj_xH6skyNwVZy0/getUpdates "HTTP/1.1 200 OK"
2025-11-06 14:22:26,827 - httpx - INFO - HTTP Request: POST https://api.telegram.org/bot8588890122:AAF870IhnaQRmo_pn8OIVj_xH6skyNwVZy0/getUpdates "HTTP/1.1 200 OK"
2025-11-06 14:22:36,927 - httpx - INFO - HTTP Request: POST https://api.telegram.org/bot8588890122:AAF870IhnaQRmo_pn8OIVj_xH6skyNwVZy0/getUpdates "HTTP/1.1 200 OK"
2025-11-06 14:22:47,026 - httpx - INFO - HTTP Request: POST https://api.telegram.org/bot8588890122:AAF870IhnaQRmo_pn8OIVj_xH6skyNwVZy0/getUpdates "HTTP/1.1 200 OK"
2025-11-06 14:22:57,125 - httpx - INFO - HTTP Request: POST https://api.telegram.org/bot8588890122:AAF870IhnaQRmo_pn8OIVj_xH6skyNwVZy0/getUpdates "HTTP/1.1 200 OK"
2025-11-06 14:23:07,234 - httpx - INFO - HTTP Request: POST https://api.telegram.org/bot8588890122:AAF870IhnaQRmo_pn8OIVj_xH6skyNwVZy0/getUpdates "HTTP/1.1 200 OK"
2025-11-06 14:23:17,333 - httpx - INFO - HTTP Request: POST https://api.telegram.org/bot8588890122:AAF870IhnaQRmo_pn8OIVj_xH6skyNwVZy0/getUpdates "HTTP/1.1 200 OK"
2025-11-06 14:23:27,433 - httpx - INFO - HTTP Request: POST https://api.telegram.org/bot8588890122:AAF870IhnaQRmo_pn8OIVj_xH6skyNwVZy0/getUpdates "HTTP/1.1 200 OK"
2025-11-06 14:23:37,533 - httpx - INFO - HTTP Request: POST https://api.telegram.org/bot8588890122:AAF870IhnaQRmo_pn8OIVj_xH6skyNwVZy0/getUpdates "HTTP/1.1 200 OK"
2025-11-06 14:23:47,632 - httpx - INFO - HTTP Request: POST https://api.telegram.org/bot8588890122:AAF870IhnaQRmo_pn8OIVj_xH6skyNwVZy0/getUpdates "HTTP/1.1 200 OK"
2025-11-06 14:23:57,731 - httpx - INFO - HTTP Request: POST https://api.telegram.org/bot8588890122:AAF870IhnaQRmo_pn8OIVj_xH6skyNwVZy0/getUpdates "HTTP/1.1 200 OK"
2025-11-06 14:24:07,831 - httpx - INFO - HTTP Request: POST https://api.telegram.org/bot8588890122:AAF870IhnaQRmo_pn8OIVj_xH6skyNwVZy0/getUpdates "HTTP/1.1 200 OK"
2025-11-06 14:24:17,929 - httpx - INFO - HTTP Request: POST https://api.telegram.org/bot8588890122:AAF870IhnaQRmo_pn8OIVj_xH6skyNwVZy0/getUpdates "HTTP/1.1 200 OK"
2025-11-06 14:24:28,029 - httpx - INFO - HTTP Request: POST https://api.telegram.org/bot8588890122:AAF870IhnaQRmo_pn8OIVj_xH6skyNwVZy0/getUpdates "HTTP/1.1 200 OK"
2025-11-06 14:24:38,128 - httpx - INFO - HTTP Request: POST https://api.telegram.org/bot8588890122:AAF870IhnaQRmo_pn8OIVj_xH6skyNwVZy0/getUpdates "HTTP/1.1 200 OK"
2025-11-06 14:24:48,228 - httpx - INFO - HTTP Request: POST https://api.telegram.org/bot8588890122:AAF870IhnaQRmo_pn8OIVj_xH6skyNwVZy0/getUpdates "HTTP/1.1 200 OK"
2025-11-06 14:24:58,327 - httpx - INFO - HTTP Request: POST https://api.telegram.org/bot8588890122:AAF870IhnaQRmo_pn8OIVj_xH6skyNwVZy0/getUpdates "HTTP/1.1 200 OK"
2025-11-06 14:25:08,426 - httpx - INFO - HTTP Request: POST https://api.telegram.org/bot8588890122:AAF870IhnaQRmo_pn8OIVj_xH6skyNwVZy0/getUpdates "HTTP/1.1 200 OK"
2025-11-06 14:25:18,526 - httpx - INFO - HTTP Request: POST https://api.telegram.org/bot8588890122:AAF870IhnaQRmo_pn8OIVj_xH6skyNwVZy0/getUpdates "HTTP/1.1 200 OK"
2025-11-06 14:25:28,626 - httpx - INFO - HTTP Request: POST https://api.telegram.org/bot8588890122:AAF870IhnaQRmo_pn8OIVj_xH6skyNwVZy0/getUpdates "HTTP/1.1 200 OK"
2025-11-06 14:25:38,726 - httpx - INFO - HTTP Request: POST https://api.telegram.org/bot8588890122:AAF870IhnaQRmo_pn8OIVj_xH6skyNwVZy0/getUpdates "HTTP/1.1 200 OK"
2025-11-06 14:25:48,826 - httpx - INFO - HTTP Request: POST https://api.telegram.org/bot8588890122:AAF870IhnaQRmo_pn8OIVj_xH6skyNwVZy0/getUpdates "HTTP/1.1 200 OK"
2025-11-06 14:25:58,925 - httpx - INFO - HTTP Request: POST https://api.telegram.org/bot8588890122:AAF870IhnaQRmo_pn8OIVj_xH6skyNwVZy0/getUpdates "HTTP/1.1 200 OK"
2025-11-06 14:26:09,024 - httpx - INFO - HTTP Request: POST https://api.telegram.org/bot8588890122:AAF870IhnaQRmo_pn8OIVj_xH6skyNwVZy0/getUpdates "HTTP/1.1 200 OK"
2025-11-06 14:26:19,123 - httpx - INFO - HTTP Request: POST https://api.telegram.org/bot8588890122:AAF870IhnaQRmo_pn8OIVj_xH6skyNwVZy0/getUpdates "HTTP/1.1 200 OK"
2025-11-06 14:26:29,222 - httpx - INFO - HTTP Request: POST https://api.telegram.org/bot8588890122:AAF870IhnaQRmo_pn8OIVj_xH6skyNwVZy0/getUpdates "HTTP/1.1 200 OK"
2025-11-06 14:26:39,321 - httpx - INFO - HTTP Request: POST https://api.telegram.org/bot8588890122:AAF870IhnaQRmo_pn8OIVj_xH6skyNwVZy0/getUpdates "HTTP/1.1 200 OK"
2025-11-06 14:26:42,281 - httpx - INFO - HTTP Request: POST https://api.telegram.org/bot8588890122:AAF870IhnaQRmo_pn8OIVj_xH6skyNwVZy0/getUpdates "HTTP/1.1 200 OK"
2025-11-06 14:26:42,634 - httpx - INFO - HTTP Request: POST https://api.telegram.org/bot8588890122:AAF870IhnaQRmo_pn8OIVj_xH6skyNwVZy0/sendMessage "HTTP/1.1 200 OK"
2025-11-06 14:26:52,384 - httpx - INFO - HTTP Request: POST https://api.telegram.org/bot8588890122:AAF870IhnaQRmo_pn8OIVj_xH6skyNwVZy0/getUpdates "HTTP/1.1 200 OK"
2025-11-06 14:26:59,784 - httpx - INFO - HTTP Request: POST https://api.telegram.org/bot8588890122:AAF870IhnaQRmo_pn8OIVj_xH6skyNwVZy0/getUpdates "HTTP/1.1 200 OK"
2025-11-06 14:27:00,212 - httpx - INFO - HTTP Request: POST https://api.telegram.org/bot8588890122:AAF870IhnaQRmo_pn8OIVj_xH6skyNwVZy0/sendMessage "HTTP/1.1 200 OK"
2025-11-06 14:27:02,321 - httpx - INFO - HTTP Request: POST https://api.telegram.org/bot8588890122:AAF870IhnaQRmo_pn8OIVj_xH6skyNwVZy0/getUpdates "HTTP/1.1 200 OK"
2025-11-06 14:27:02,456 - httpx - INFO - HTTP Request: POST https://api.telegram.org/bot8588890122:AAF870IhnaQRmo_pn8OIVj_xH6skyNwVZy0/sendMessage "HTTP/1.1 200 OK"
2025-11-06 14:27:12,424 - httpx - INFO - HTTP Request: POST https://api.telegram.org/bot8588890122:AAF870IhnaQRmo_pn8OIVj_xH6skyNwVZy0/getUpdates "HTTP/1.1 200 OK"
2025-11-06 14:27:13,520 - httpx - INFO - HTTP Request: POST https://api.telegram.org/bot8588890122:AAF870IhnaQRmo_pn8OIVj_xH6skyNwVZy0/getUpdates "HTTP/1.1 200 OK"
2025-11-06 14:27:13,947 - httpx - INFO - HTTP Request: POST https://api.telegram.org/bot8588890122:AAF870IhnaQRmo_pn8OIVj_xH6skyNwVZy0/sendMessage "HTTP/1.1 200 OK"
2025-11-06 14:27:18,717 - httpx - INFO - HTTP Request: POST https://api.telegram.org/bot8588890122:AAF870IhnaQRmo_pn8OIVj_xH6skyNwVZy0/getUpdates "HTTP/1.1 200 OK"
2025-11-06 14:27:18,864 - httpx - INFO - HTTP Request: POST https://api.telegram.org/bot8588890122:AAF870IhnaQRmo_pn8OIVj_xH6skyNwVZy0/sendMessage "HTTP/1.1 200 OK"
2025-11-06 14:27:19,883 - httpx - INFO - HTTP Request: POST https://api.telegram.org/bot8588890122:AAF870IhnaQRmo_pn8OIVj_xH6skyNwVZy0/getUpdates "HTTP/1.1 200 OK"
2025-11-06 14:27:20,041 - httpx - INFO - HTTP Request: POST https://api.telegram.org/bot8588890122:AAF870IhnaQRmo_pn8OIVj_xH6skyNwVZy0/sendMessage "HTTP/1.1 200 OK"
2025-11-06 14:27:22,875 - httpx - INFO - HTTP Request: POST https://api.telegram.org/bot8588890122:AAF870IhnaQRmo_pn8OIVj_xH6skyNwVZy0/getUpdates "HTTP/1.1 200 OK"
2025-11-06 14:27:23,030 - httpx - INFO - HTTP Request: POST https://api.telegram.org/bot8588890122:AAF870IhnaQRmo_pn8OIVj_xH6skyNwVZy0/sendMessage "HTTP/1.1 200 OK"
2025-11-06 14:27:25,770 - httpx - INFO - HTTP Request: POST https://api.telegram.org/bot8588890122:AAF870IhnaQRmo_pn8OIVj_xH6skyNwVZy0/getUpdates "HTTP/1.1 200 OK"
2025-11-06 14:27:25,918 - httpx - INFO - HTTP Request: POST https://api.telegram.org/bot8588890122:AAF870IhnaQRmo_pn8OIVj_xH6skyNwVZy0/sendMessage "HTTP/1.1 200 OK"
2025-11-06 14:27:27,970 - httpx - INFO - HTTP Request: POST https://api.telegram.org/bot8588890122:AAF870IhnaQRmo_pn8OIVj_xH6skyNwVZy0/getUpdates "HTTP/1.1 200 OK"
2025-11-06 14:27:28,113 - httpx - INFO - HTTP Request: POST https://api.telegram.org/bot8588890122:AAF870IhnaQRmo_pn8OIVj_xH6skyNwVZy0/answerCallbackQuery "HTTP/1.1 200 OK"
2025-11-06 14:27:28,266 - httpx - INFO - HTTP Request: POST https://api.telegram.org/bot8588890122:AAF870IhnaQRmo_pn8OIVj_xH6skyNwVZy0/editMessageText "HTTP/1.1 200 OK"
2025-11-06 14:27:33,413 - httpx - INFO - HTTP Request: POST https://api.telegram.org/bot8588890122:AAF870IhnaQRmo_pn8OIVj_xH6skyNwVZy0/getUpdates "HTTP/1.1 200 OK"
2025-11-06 14:27:33,746 - httpx - INFO - HTTP Request: POST https://api.telegram.org/bot8588890122:AAF870IhnaQRmo_pn8OIVj_xH6skyNwVZy0/sendMessage "HTTP/1.1 200 OK"
2025-11-06 14:27:34,923 - httpx - INFO - HTTP Request: POST https://api.telegram.org/bot8588890122:AAF870IhnaQRmo_pn8OIVj_xH6skyNwVZy0/getUpdates "HTTP/1.1 200 OK"
2025-11-06 14:27:35,043 - httpx - INFO - HTTP Request: POST https://api.telegram.org/bot8588890122:AAF870IhnaQRmo_pn8OIVj_xH6skyNwVZy0/answerCallbackQuery "HTTP/1.1 200 OK"
2025-11-06 14:27:35,167 - httpx - INFO - HTTP Request: POST https://api.telegram.org/bot8588890122:AAF870IhnaQRmo_pn8OIVj_xH6skyNwVZy0/editMessageText "HTTP/1.1 200 OK"
2025-11-06 14:27:45,023 - httpx - INFO - HTTP Request: POST https://api.telegram.org/bot8588890122:AAF870IhnaQRmo_pn8OIVj_xH6skyNwVZy0/getUpdates "HTTP/1.1 200 OK"
2025-11-06 14:27:55,123 - httpx - INFO - HTTP Request: POST https://api.telegram.org/bot8588890122:AAF870IhnaQRmo_pn8OIVj_xH6skyNwVZy0/getUpdates "HTTP/1.1 200 OK"
2025-11-06 14:28:05,230 - httpx - INFO - HTTP Request: POST https://api.telegram.org/bot8588890122:AAF870IhnaQRmo_pn8OIVj_xH6skyNwVZy0/getUpdates "HTTP/1.1 200 OK"
2025-11-06 14:28:15,329 - httpx - INFO - HTTP Request: POST https://api.telegram.org/bot8588890122:AAF870IhnaQRmo_pn8OIVj_xH6skyNwVZy0/getUpdates "HTTP/1.1 200 OK"
2025-11-06 14:28:25,435 - httpx - INFO - HTTP Request: POST https://api.telegram.org/bot8588890122:AAF870IhnaQRmo_pn8OIVj_xH6skyNwVZy0/getUpdates "HTTP/1.1 200 OK"
2025-11-06 14:28:35,534 - httpx - INFO - HTTP Request: POST https://api.telegram.org/bot8588890122:AAF870IhnaQRmo_pn8OIVj_xH6skyNwVZy0/getUpdates "HTTP/1.1 200 OK"
2025-11-06 14:28:45,634 - httpx - INFO - HTTP Request: POST https://api.telegram.org/bot8588890122:AAF870IhnaQRmo_pn8OIVj_xH6skyNwVZy0/getUpdates "HTTP/1.1 200 OK"
2025-11-06 14:28:55,735 - httpx - INFO - HTTP Request: POST https://api.telegram.org/bot8588890122:AAF870IhnaQRmo_pn8OIVj_xH6skyNwVZy0/getUpdates "HTTP/1.1 200 OK"
2025-11-06 14:29:05,844 - httpx - INFO - HTTP Request: POST https://api.telegram.org/bot8588890122:AAF870IhnaQRmo_pn8OIVj_xH6skyNwVZy0/getUpdates "HTTP/1.1 200 OK"
2025-11-06 14:29:15,949 - httpx - INFO - HTTP Request: POST https://api.telegram.org/bot8588890122:AAF870IhnaQRmo_pn8OIVj_xH6skyNwVZy0/getUpdates "HTTP/1.1 200 OK"
2025-11-06 14:29:26,048 - httpx - INFO - HTTP Request: POST https://api.telegram.org/bot8588890122:AAF870IhnaQRmo_pn8OIVj_xH6skyNwVZy0/getUpdates "HTTP/1.1 200 OK"
2025-11-06 14:29:34,660 - httpx - INFO - HTTP Request: POST https://api.telegram.org/bot8588890122:AAF870IhnaQRmo_pn8OIVj_xH6skyNwVZy0/getUpdates "HTTP/1.1 200 OK"
2025-11-06 14:29:35,043 - httpx - INFO - HTTP Request: POST https://api.telegram.org/bot8588890122:AAF870IhnaQRmo_pn8OIVj_xH6skyNwVZy0/sendMessage "HTTP/1.1 200 OK"
2025-11-06 14:29:40,966 - httpx - INFO - HTTP Request: POST https://api.telegram.org/bot8588890122:AAF870IhnaQRmo_pn8OIVj_xH6skyNwVZy0/getUpdates "HTTP/1.1 200 OK"
2025-11-06 14:29:41,360 - httpx - INFO - HTTP Request: POST https://api.telegram.org/bot8588890122:AAF870IhnaQRmo_pn8OIVj_xH6skyNwVZy0/sendMessage "HTTP/1.1 200 OK"
2025-11-06 14:29:45,004 - httpx - INFO - HTTP Request: POST https://api.telegram.org/bot8588890122:AAF870IhnaQRmo_pn8OIVj_xH6skyNwVZy0/getUpdates "HTTP/1.1 200 OK"
2025-11-06 14:29:45,137 - httpx - INFO - HTTP Request: POST https://api.telegram.org/bot8588890122:AAF870IhnaQRmo_pn8OIVj_xH6skyNwVZy0/sendMessage "HTTP/1.1 200 OK"
2025-11-06 14:29:48,596 - httpx - INFO - HTTP Request: POST https://api.telegram.org/bot8588890122:AAF870IhnaQRmo_pn8OIVj_xH6skyNwVZy0/getUpdates "HTTP/1.1 200 OK"
2025-11-06 14:29:48,728 - httpx - INFO - HTTP Request: POST https://api.telegram.org/bot8588890122:AAF870IhnaQRmo_pn8OIVj_xH6skyNwVZy0/sendMessage "HTTP/1.1 200 OK"
2025-11-06 14:29:50,480 - httpx - INFO - HTTP Request: POST https://api.telegram.org/bot8588890122:AAF870IhnaQRmo_pn8OIVj_xH6skyNwVZy0/getUpdates "HTTP/1.1 200 OK"
2025-11-06 14:29:50,605 - httpx - INFO - HTTP Request: POST https://api.telegram.org/bot8588890122:AAF870IhnaQRmo_pn8OIVj_xH6skyNwVZy0/sendMessage "HTTP/1.1 200 OK"
2025-11-06 14:29:51,768 - httpx - INFO - HTTP Request: POST https://api.telegram.org/bot8588890122:AAF870IhnaQRmo_pn8OIVj_xH6skyNwVZy0/getUpdates "HTTP/1.1 200 OK"
2025-11-06 14:29:51,879 - httpx - INFO - HTTP Request: POST https://api.telegram.org/bot8588890122:AAF870IhnaQRmo_pn8OIVj_xH6skyNwVZy0/answerCallbackQuery "HTTP/1.1 200 OK"
2025-11-06 14:29:52,001 - httpx - INFO - HTTP Request: POST https://api.telegram.org/bot8588890122:AAF870IhnaQRmo_pn8OIVj_xH6skyNwVZy0/editMessageText "HTTP/1.1 200 OK"
2025-11-06 14:30:01,868 - httpx - INFO - HTTP Request: POST https://api.telegram.org/bot8588890122:AAF870IhnaQRmo_pn8OIVj_xH6skyNwVZy0/getUpdates "HTTP/1.1 200 OK"
2025-11-06 14:30:11,968 - httpx - INFO - HTTP Request: POST https://api.telegram.org/bot8588890122:AAF870IhnaQRmo_pn8OIVj_xH6skyNwVZy0/getUpdates "HTTP/1.1 200 OK"
2025-11-06 14:30:22,067 - httpx - INFO - HTTP Request: POST https://api.telegram.org/bot8588890122:AAF870IhnaQRmo_pn8OIVj_xH6skyNwVZy0/getUpdates "HTTP/1.1 200 OK"
2025-11-06 14:30:32,166 - httpx - INFO - HTTP Request: POST https://api.telegram.org/bot8588890122:AAF870IhnaQRmo_pn8OIVj_xH6skyNwVZy0/getUpdates "HTTP/1.1 200 OK"
2025-11-06 14:30:42,266 - httpx - INFO - HTTP Request: POST https://api.telegram.org/bot8588890122:AAF870IhnaQRmo_pn8OIVj_xH6skyNwVZy0/getUpdates "HTTP/1.1 200 OK"
2025-11-06 14:30:52,368 - httpx - INFO - HTTP Request: POST https://api.telegram.org/bot8588890122:AAF870IhnaQRmo_pn8OIVj_xH6skyNwVZy0/getUpdates "HTTP/1.1 200 OK"
2025-11-06 14:31:02,469 - httpx - INFO - HTTP Request: POST https://api.telegram.org/bot8588890122:AAF870IhnaQRmo_pn8OIVj_xH6skyNwVZy0/getUpdates "HTTP/1.1 200 OK"
2025-11-06 14:31:12,568 - httpx - INFO - HTTP Request: POST https://api.telegram.org/bot8588890122:AAF870IhnaQRmo_pn8OIVj_xH6skyNwVZy0/getUpdates "HTTP/1.1 200 OK"
2025-11-06 14:31:22,668 - httpx - INFO - HTTP Request: POST https://api.telegram.org/bot8588890122:AAF870IhnaQRmo_pn8OIVj_xH6skyNwVZy0/getUpdates "HTTP/1.1 200 OK"
2025-11-06 14:31:32,769 - httpx - INFO - HTTP Request: POST https://api.telegram.org/bot8588890122:AAF870IhnaQRmo_pn8OIVj_xH6skyNwVZy0/getUpdates "HTTP/1.1 200 OK"
2025-11-06 14:31:42,868 - httpx - INFO - HTTP Request: POST https://api.telegram.org/bot8588890122:AAF870IhnaQRmo_pn8OIVj_xH6skyNwVZy0/getUpdates "HTTP/1.1 200 OK"
2025-11-06 14:31:52,967 - httpx - INFO - HTTP Request: POST https://api.telegram.org/bot8588890122:AAF870IhnaQRmo_pn8OIVj_xH6skyNwVZy0/getUpdates "HTTP/1.1 200 OK"
